Command: /home/jiazm/pub/project/riscv/XuanTie/opene902/smart_run/work/./simv -l run.vcs.log
Chronologic VCS simulator copyright 1991-2018
Contains Synopsys proprietary information.
Compiler version O-2018.09-SP2_Full64; Runtime version O-2018.09-SP2_Full64;  Nov 19 22:28 2023
	******START TO LOAD PROGRAM******

*Verdi* Loading libsscore_vcs201809.so
FSDB Dumper for VCS, Release Verdi_O-2018.09-SP2, Linux x86_64/64bit, 02/21/2019
(C) 1996 - 2019 by Synopsys, Inc.
*Verdi* : Create FSDB file 'novas.fsdb'
*Verdi* : Begin traversing the scopes, layer (0).
*Verdi* : End of traversing.

Hello Friend!
Welcome to T-HEAD World!

a is 1!
b is 2!
c is 0!
!!! PASS !!!after ASM c is changed to 3!

**********************************************
*    simulation finished successfully        *
**********************************************
$finish called from file "../logical/tb/tb.v", line 204.
$finish at simulation time            939250000
           V C S   S i m u l a t i o n   R e p o r t 
Time: 93925000000 fs
CPU Time:      0.490 seconds;       Data structure size:   3.3Mb
Sun Nov 19 22:28:44 2023
